2021-11-24 00:16:04 [INFO ] c.p.r.NativeLoader:64 - ********************************
2021-11-24 00:16:04 [INFO ] c.p.r.NativeLoader:65 - Native library search paths: 
2021-11-24 00:16:04 [INFO ] c.p.r.NativeLoader:948 - C:\Users\79513\AppData\Roaming\PVS-Studio-Java\7.15.54378
2021-11-24 00:16:04 [INFO ] c.p.r.NativeLoader:948 - .
2021-11-24 00:16:04 [INFO ] c.p.r.NativeLoader:948 - C:\Users\79513\AppData\Roaming\PVS-Studio-Java\7.15.54378\..
2021-11-24 00:16:04 [INFO ] c.p.r.NativeLoader:948 - C:\Users\79513\AppData\Roaming\PVS-Studio-Java\7.15.54378\..\..
2021-11-24 00:16:04 [INFO ] c.p.r.NativeLoader:948 - C:\Users\79513\AppData\Roaming\PVS-Studio-Java\7.15.54378\..\..\build
2021-11-24 00:16:04 [INFO ] c.p.r.NativeLoader:67 - Additional path: native/win
2021-11-24 00:16:04 [INFO ] c.p.r.NativeLoader:76 - Native library found: C:\Users\79513\AppData\Roaming\PVS-Studio-Java\7.15.54378\native\win\analysis-core.dll
2021-11-24 00:16:04 [INFO ] c.p.r.NativeLoader:77 - ********************************
2021-11-24 00:16:05 [INFO ] c.p.r.NativeLoader:64 - ********************************
2021-11-24 00:16:05 [INFO ] c.p.r.NativeLoader:65 - Native library search paths: 
2021-11-24 00:16:05 [INFO ] c.p.r.NativeLoader:948 - C:\Users\79513\AppData\Roaming\PVS-Studio-Java\7.15.54378
2021-11-24 00:16:05 [INFO ] c.p.r.NativeLoader:948 - .
2021-11-24 00:16:05 [INFO ] c.p.r.NativeLoader:948 - C:\Users\79513\AppData\Roaming\PVS-Studio-Java\7.15.54378\..
2021-11-24 00:16:05 [INFO ] c.p.r.NativeLoader:948 - C:\Users\79513\AppData\Roaming\PVS-Studio-Java\7.15.54378\..\..
2021-11-24 00:16:05 [INFO ] c.p.r.NativeLoader:948 - C:\Users\79513\AppData\Roaming\PVS-Studio-Java\7.15.54378\..\..\build
2021-11-24 00:16:05 [INFO ] c.p.r.NativeLoader:67 - Additional path: native/win
2021-11-24 00:16:05 [INFO ] c.p.r.NativeLoader:76 - Native library found: C:\Users\79513\AppData\Roaming\PVS-Studio-Java\7.15.54378\native\win\analysis-core.dll
2021-11-24 00:16:05 [INFO ] c.p.r.NativeLoader:77 - ********************************
